<component name="libraryTable">
  <library name="junit-vintage-engine-5.4.2">
    <CLASSES>
      <root url="jar://$PROJECT_DIR$/lib/junit-vintage-engine-5.4.2.jar!/" />
    </CLASSES>
    <JAVADOC />
    <SOURCES />
  </library>
</component>